<?xml version="1.0" encoding="UTF-8"?>
<testsuite name="RectangleTest" tests="1" skipped="0" failures="0" errors="0" timestamp="2020-04-21T08:57:18" hostname="linus-hp-elitebook-840-g1" time="0.002">
  <properties/>
  <testcase name="area_returnsTheAreaOfTheRectangle_450" classname="RectangleTest" time="0.002"/>
  <system-out><![CDATA[]]></system-out>
  <system-err><![CDATA[]]></system-err>
</testsuite>
